<?xml version="1.0" encoding="UTF-8"?>
<!-- Generated by org.testng.reporters.JUnitReportReporter -->
<testsuite hostname="DESKTOP-KMNS09Q" failures="0" tests="3" name="login.UserRegistrationTestNG" time="139.646" errors="0" timestamp="2024-10-03T18:55:25 ICT" skipped="0">
  <testcase classname="login.UserRegistrationTestNG" name="testUserRegistration" time="127.503"/>
  <system-out/>
  <testcase classname="login.UserRegistrationTestNG" name="testUserRegistration" time="6.192"/>
  <system-out/>
  <testcase classname="login.UserRegistrationTestNG" name="testUserRegistration" time="5.951"/>
  <system-out/>
</testsuite> <!-- login.UserRegistrationTestNG -->
